Build started 2016/4/11 15:04:29.
     1>Project "G:\Study\Computer Vision\Feature\SIFT\Code\MySIFT\MySIFT\MySIFT\MySIFT.vcxproj" on node 2 (Build target(s)).
     1>ClCompile:
         D:\Program_Programming\VS2013_Community\VC\bin\x86_amd64\CL.exe /c /IG:\Study\OpenCV3\opencv\build\x64\vc12\..\..\include /Zi /nologo /W3 /WX- /sdl /O2 /Oi /GL /D _MBCS /Gm- /EHsc /MD /GS /Gy /fp:precise /Zc:wchar_t /Zc:forScope /Fo"x64\Release\\" /Fd"x64\Release\vc120.pdb" /Gd /TP /errorReport:prompt main.cpp sift.cpp
         main.cpp
     1>G:\Study\OpenCV3\opencv\build\include\opencv2/core/mat.hpp(1965): warning C4819: The file contains a character that cannot be represented in the current code page (936). Save the file in Unicode format to prevent data loss
     1>G:\Study\OpenCV3\opencv\build\include\opencv2/core/persistence.hpp : warning C4819: The file contains a character that cannot be represented in the current code page (936). Save the file in Unicode format to prevent data loss
     1>G:\Study\OpenCV3\opencv\build\include\opencv2/core/utility.hpp : warning C4819: The file contains a character that cannot be represented in the current code page (936). Save the file in Unicode format to prevent data loss
         sift.cpp
     1>G:\Study\OpenCV3\opencv\build\include\opencv2/core/mat.hpp(1965): warning C4819: The file contains a character that cannot be represented in the current code page (936). Save the file in Unicode format to prevent data loss
     1>G:\Study\OpenCV3\opencv\build\include\opencv2/core/persistence.hpp : warning C4819: The file contains a character that cannot be represented in the current code page (936). Save the file in Unicode format to prevent data loss
     1>G:\Study\OpenCV3\opencv\build\include\opencv2/core/utility.hpp : warning C4819: The file contains a character that cannot be represented in the current code page (936). Save the file in Unicode format to prevent data loss
     1>sift.cpp(94): warning C4244: 'argument' : conversion from 'double' to 'int', possible loss of data
     1>sift.cpp(95): warning C4244: 'argument' : conversion from 'double' to 'int', possible loss of data
     1>sift.cpp(173): warning C4244: 'initializing' : conversion from 'double' to 'int', possible loss of data
     1>sift.cpp(230): warning C4244: '=' : conversion from 'double' to 'int', possible loss of data
     1>sift.cpp(245): warning C4244: 'initializing' : conversion from 'double' to 'float', possible loss of data
     1>sift.cpp(261): warning C4244: 'initializing' : conversion from 'double' to 'float', possible loss of data
     1>sift.cpp(273): warning C4244: '+=' : conversion from 'float' to 'int', possible loss of data
     1>sift.cpp(274): warning C4244: '+=' : conversion from 'float' to 'int', possible loss of data
       Link:
         D:\Program_Programming\VS2013_Community\VC\bin\x86_amd64\link.exe /ERRORREPORT:PROMPT /OUT:"G:\Study\Computer Vision\Feature\SIFT\Code\MySIFT\MySIFT\x64\Release\MySIFT.exe" /NOLOGO /LIBPATH:G:\Study\OpenCV3\opencv\build\x64\vc12\lib opencv_world310.lib kernel32.lib user32.lib gdi32.lib winspool.lib comdlg32.lib advapi32.lib shell32.lib ole32.lib oleaut32.lib uuid.lib odbc32.lib odbccp32.lib /MANIFEST /MANIFESTUAC:"level='asInvoker' uiAccess='false'" /manifest:embed /DEBUG /PDB:"G:\Study\Computer Vision\Feature\SIFT\Code\MySIFT\MySIFT\x64\Release\MySIFT.pdb" /OPT:REF /OPT:ICF /LTCG /TLBID:1 /DYNAMICBASE /NXCOMPAT /IMPLIB:"G:\Study\Computer Vision\Feature\SIFT\Code\MySIFT\MySIFT\x64\Release\MySIFT.lib" /MACHINE:X64 x64\Release\main.obj
         x64\Release\sift.obj
         Generating code
         Finished generating code
         MySIFT.vcxproj -> G:\Study\Computer Vision\Feature\SIFT\Code\MySIFT\MySIFT\x64\Release\MySIFT.exe
     1>Done Building Project "G:\Study\Computer Vision\Feature\SIFT\Code\MySIFT\MySIFT\MySIFT\MySIFT.vcxproj" (Build target(s)).

Build succeeded.

Time Elapsed 00:00:03.71
